2018-02-19 10:30:39,458:INFO:discord.client: on_ready has successfully been registered as an event
2018-02-19 10:30:39,638:INFO:discord.client: on_message has successfully been registered as an event
2018-02-19 10:30:39,639:INFO:discord.client: logging in using static token
2018-02-19 10:30:39,771:DEBUG:discord.http: GET https://discordapp.com/api/v6/users/@me with None has returned 200
2018-02-19 10:30:39,772:DEBUG:discord.http: GET https://discordapp.com/api/v6/users/@me has received {'username': "Taric's Knowledge Bot", 'verified': True, 'mfa_enabled': False, 'bot': True, 'id': '373195616706101269', 'avatar': '7cb6d33c3904559d210c93086824a565', 'discriminator': '7769', 'email': None}
2018-02-19 10:30:39,788:DEBUG:discord.http: GET https://discordapp.com/api/v6/gateway with None has returned 200
2018-02-19 10:30:39,789:DEBUG:discord.http: GET https://discordapp.com/api/v6/gateway has received {'url': 'wss://gateway.discord.gg'}
2018-02-19 10:30:39,938:INFO:discord.gateway: Created websocket connected to wss://gateway.discord.gg?encoding=json&v=6
2018-02-19 10:30:39,938:DEBUG:discord.client: Dispatching event socket_raw_receive
2018-02-19 10:30:39,938:DEBUG:discord.gateway: WebSocket Event: {'t': None, 's': None, 'op': 10, 'd': {'heartbeat_interval': 41250, '_trace': ['gateway-prd-main-r6l6']}}
2018-02-19 10:30:39,938:DEBUG:discord.client: Dispatching event socket_response
2018-02-19 10:30:39,939:INFO:discord.gateway: sent the identify payload to create the websocket
2018-02-19 10:30:40,231:DEBUG:discord.client: Dispatching event socket_raw_receive
2018-02-19 10:30:40,232:DEBUG:discord.gateway: WebSocket Event: {'t': 'READY', 's': 1, 'op': 0, 'd': {'v': 6, 'user_settings': {}, 'user': {'verified': True, 'username': "Taric's Knowledge Bot", 'mfa_enabled': False, 'id': '373195616706101269', 'email': None, 'discriminator': '7769', 'bot': True, 'avatar': '7cb6d33c3904559d210c93086824a565'}, 'session_id': '5c1faa45a266870eed1704bf7d9e30b6', 'relationships': [], 'private_channels': [], 'presences': [], 'guilds': [{'unavailable': True, 'id': '321438630788988928'}, {'unavailable': True, 'id': '333642808097505302'}], '_trace': ['gateway-prd-main-r6l6', 'discord-sessions-prd-1-11']}}
2018-02-19 10:30:40,232:DEBUG:discord.client: Dispatching event socket_response
2018-02-19 10:30:40,241:DEBUG:discord.client: Dispatching event socket_raw_receive
2018-02-19 10:30:40,241:DEBUG:discord.gateway: WebSocket Event: {'t': 'GUILD_CREATE', 's': 2, 'op': 0, 'd': {'voice_states': [], 'verification_level': 0, 'unavailable': False, 'system_channel_id': None, 'splash': None, 'roles': [{'position': 0, 'permissions': 104324161, 'name': '@everyone', 'mentionable': False, 'managed': False, 'id': '333642808097505302', 'hoist': False, 'color': 0}], 'region': 'us-east', 'presences': [{'user': {'id': '222564903658061824'}, 'status': 'online', 'game': None}, {'user': {'id': '333637866846552066'}, 'status': 'online', 'game': None}, {'user': {'id': '373195616706101269'}, 'status': 'online', 'game': None}], 'owner_id': '222564903658061824', 'name': 'Meme Digest', 'mfa_level': 0, 'members': [{'user': {'username': 'redwallguy', 'id': '222564903658061824', 'discriminator': '2653', 'avatar': '0ec2d4f167043f3cab0f256fc82f6e8b'}, 'roles': [], 'mute': False, 'joined_at': '2017-07-09T16:17:24.440000+00:00', 'deaf': False}, {'user': {'username': 'Meme Digest', 'id': '333637866846552066', 'discriminator': '8844', 'bot': True, 'avatar': 'c99b9cb425d367c3ba8c935c6d8ec543'}, 'roles': [], 'mute': False, 'joined_at': '2017-07-09T16:36:22.512000+00:00', 'deaf': False}, {'user': {'username': "Taric's Knowledge Bot", 'id': '373195616706101269', 'discriminator': '7769', 'bot': True, 'avatar': '7cb6d33c3904559d210c93086824a565'}, 'roles': [], 'mute': False, 'joined_at': '2017-11-06T17:37:42.219000+00:00', 'deaf': False}], 'member_count': 3, 'large': False, 'joined_at': '2017-11-06T17:37:42.219000+00:00', 'id': '333642808097505302', 'icon': '4c7e414438b8483abd0dcbfaf71f7cb0', 'features': [], 'explicit_content_filter': 0, 'emojis': [], 'default_message_notifications': 0, 'channels': [{'type': 0, 'topic': None, 'position': 0, 'permission_overwrites': [], 'name': 'general', 'last_message_id': '414934159501426688', 'id': '333642808097505302'}, {'user_limit': 0, 'type': 2, 'position': 0, 'permission_overwrites': [], 'name': 'General', 'id': '333642808814600193', 'bitrate': 64000}], 'application_id': None, 'afk_timeout': 300, 'afk_channel_id': None}}
2018-02-19 10:30:40,241:DEBUG:discord.client: Dispatching event socket_response
2018-02-19 10:30:40,242:DEBUG:discord.client: Dispatching event server_available
2018-02-19 10:30:40,242:DEBUG:discord.client: Dispatching event socket_raw_receive
2018-02-19 10:30:40,243:DEBUG:discord.gateway: WebSocket Event: {'t': 'GUILD_CREATE', 's': 3, 'op': 0, 'd': {'voice_states': [], 'verification_level': 0, 'unavailable': False, 'system_channel_id': None, 'splash': None, 'roles': [{'position': 0, 'permissions': 104324161, 'name': '@everyone', 'mentionable': False, 'managed': False, 'id': '321438630788988928', 'hoist': False, 'color': 0}, {'position': 4, 'permissions': 104332361, 'name': 'Dev$', 'mentionable': False, 'managed': False, 'id': '334899886950711296', 'hoist': True, 'color': 3447003}, {'position': 3, 'permissions': 1878457411, 'name': 'Mods', 'mentionable': True, 'managed': False, 'id': '395432709452726272', 'hoist': True, 'color': 10181046}, {'position': 2, 'permissions': 2146958591, 'name': 'Benevolent Overlords', 'mentionable': False, 'managed': False, 'id': '409175762080366603', 'hoist': True, 'color': 7419530}, {'position': 1, 'permissions': 104193089, 'name': 'Esteemed Guests', 'mentionable': False, 'managed': False, 'id': '409176263698284546', 'hoist': True, 'color': 3066993}], 'region': 'us-east', 'presences': [{'user': {'id': '163461655634771968'}, 'status': 'idle', 'game': None}, {'user': {'id': '173785313154433024'}, 'status': 'online', 'game': {'type': 0, 'timestamps': {'start': 1519046278737}, 'name': 'Yu-Gi-Oh! Duel Links'}}, {'user': {'id': '177617821289676800'}, 'status': 'idle', 'game': None}, {'user': {'id': '222564903658061824'}, 'status': 'online', 'game': None}, {'user': {'id': '333637866846552066'}, 'status': 'online', 'game': None}, {'user': {'id': '361709851245674499'}, 'status': 'online', 'game': None}, {'user': {'id': '373195616706101269'}, 'status': 'online', 'game': None}], 'owner_id': '168375710715609088', 'name': 'Meme Team 2: The Bastion', 'mfa_level': 0, 'members': [{'user': {'username': 'Syd', 'id': '156627585474887680', 'discriminator': '1386', 'avatar': 'a06ad51ef412888893b1d7087648b5cb'}, 'roles': ['409176263698284546'], 'nick': None, 'mute': False, 'joined_at': '2017-07-14T04:05:28.454000+00:00', 'deaf': False}, {'user': {'username': 'ruiqimao', 'id': '163461655634771968', 'discriminator': '0001', 'avatar': 'a_44c8c0d378c72dd529b5a90da41caefd'}, 'roles': [], 'nick': None, 'mute': False, 'joined_at': '2018-02-11T04:08:13.650660+00:00', 'deaf': False}, {'user': {'username': 'Tengwar', 'id': '168375710715609088', 'discriminator': '0044', 'avatar': 'd2a36d164a4cfaa63b09638812d40078'}, 'roles': ['409175762080366603'], 'nick': None, 'mute': False, 'joined_at': '2017-06-06T00:02:21.624000+00:00', 'deaf': False}, {'user': {'username': 'Freddy', 'id': '173785313154433024', 'discriminator': '7485', 'avatar': None}, 'roles': [], 'mute': False, 'joined_at': '2017-06-18T18:33:59.044000+00:00', 'deaf': False}, {'user': {'username': 'Luigi-Senpai', 'id': '174096443496333312', 'discriminator': '4596', 'avatar': 'f6d44d275ef9bb35c640a60dc3b3a386'}, 'roles': [], 'mute': False, 'joined_at': '2017-09-12T03:03:25.473000+00:00', 'deaf': False}, {'user': {'username': 'TheStarFather', 'id': '177617821289676800', 'discriminator': '8735', 'avatar': 'dcdc77d66638b74f4ffe1157d3708aa0'}, 'roles': ['409176263698284546'], 'nick': None, 'mute': False, 'joined_at': '2017-06-07T00:51:00.908000+00:00', 'deaf': False}, {'user': {'username': 'Samet The Turk', 'id': '177961577138487296', 'discriminator': '4417', 'avatar': None}, 'roles': ['409176263698284546'], 'nick': None, 'mute': False, 'joined_at': '2017-06-18T17:56:33.566000+00:00', 'deaf': False}, {'user': {'username': 'Lulu', 'id': '184129220866342913', 'discriminator': '2135', 'avatar': None}, 'roles': [], 'mute': False, 'joined_at': '2017-11-22T05:02:20.891000+00:00', 'deaf': False}, {'user': {'username': 'Shiny Bronzong', 'id': '184508051594674176', 'discriminator': '5808', 'avatar': None}, 'roles': ['395432709452726272'], 'nick': 'u wot m8', 'mute': False, 'joined_at': '2017-06-06T00:05:22.034000+00:00', 'deaf': False}, {'user': {'username': 'WhiteAngel1010', 'id': '186705434030243840', 'discriminator': '1477', 'avatar': '554e55cc6159bd604d9e631f04250532'}, 'roles': [], 'mute': False, 'joined_at': '2017-11-22T05:40:02.161000+00:00', 'deaf': False}, {'user': {'username': 'redwallguy', 'id': '222564903658061824', 'discriminator': '2653', 'avatar': '0ec2d4f167043f3cab0f256fc82f6e8b'}, 'roles': ['334899886950711296'], 'mute': False, 'joined_at': '2017-06-06T00:03:56.481000+00:00', 'deaf': False}, {'user': {'username': 'WalkedIntoMordor', 'id': '301534105428819970', 'discriminator': '6010', 'avatar': None}, 'roles': ['395432709452726272'], 'mute': False, 'joined_at': '2017-06-08T02:23:01.768000+00:00', 'deaf': False}, {'user': {'username': 'Meme Digest', 'id': '333637866846552066', 'discriminator': '8844', 'bot': True, 'avatar': 'c99b9cb425d367c3ba8c935c6d8ec543'}, 'roles': ['334899886950711296'], 'mute': False, 'joined_at': '2017-07-10T02:28:58.318000+00:00', 'deaf': False}, {'user': {'username': 'redwallman', 'id': '335959240260976644', 'discriminator': '0741', 'avatar': None}, 'roles': ['409176263698284546'], 'nick': None, 'mute': False, 'joined_at': '2017-07-16T01:42:35.841000+00:00', 'deaf': False}, {'user': {'username': 'daimond-kun', 'id': '361709851245674499', 'discriminator': '1456', 'avatar': '3ce4eaa5720c5dedb7e29e6aa729fc7f'}, 'roles': [], 'mute': False, 'joined_at': '2017-10-17T05:21:58.130000+00:00', 'deaf': False}, {'user': {'username': 'TheGudZucc', 'id': '361710641104289792', 'discriminator': '3897', 'avatar': None}, 'roles': [], 'nick': None, 'mute': False, 'joined_at': '2018-02-12T23:43:56.684032+00:00', 'deaf': False}, {'user': {'username': 'DiscordUser1', 'id': '364958366818369558', 'discriminator': '0770', 'avatar': None}, 'roles': [], 'mute': False, 'joined_at': '2017-10-04T02:19:15.794000+00:00', 'deaf': False}, {'user': {'username': "Taric's Knowledge Bot", 'id': '373195616706101269', 'discriminator': '7769', 'bot': True, 'avatar': '7cb6d33c3904559d210c93086824a565'}, 'roles': ['334899886950711296'], 'nick': None, 'mute': False, 'joined_at': '2017-11-06T17:38:36.516000+00:00', 'deaf': False}, {'user': {'username': 'ervinsue', 'id': '390012375845175307', 'discriminator': '2314', 'avatar': None}, 'roles': ['409176263698284546'], 'nick': None, 'mute': False, 'joined_at': '2017-12-12T05:37:31.123000+00:00', 'deaf': False}], 'member_count': 19, 'large': False, 'joined_at': '2017-11-06T17:38:36.516000+00:00', 'id': '321438630788988928', 'icon': 'd2a36d164a4cfaa63b09638812d40078', 'features': [], 'explicit_content_filter': 0, 'emojis': [], 'default_message_notifications': 0, 'channels': [{'type': 0, 'topic': '', 'position': 0, 'permission_overwrites': [], 'name': 'written_memes', 'last_pin_timestamp': '2018-02-18T03:08:05.837523+00:00', 'last_message_id': '415033953133789185', 'id': '321438630788988928'}, {'user_limit': 0, 'type': 2, 'position': 0, 'permission_overwrites': [], 'name': 'Spoken_Memes', 'id': '321438630788988930', 'bitrate': 64000}, {'user_limit': 1, 'type': 2, 'position': 2, 'permission_overwrites': [], 'parent_id': None, 'nsfw': False, 'name': 'Sleepy_Dev', 'id': '322141288986050571', 'bitrate': 64000}, {'user_limit': 2, 'type': 2, 'position': 3, 'permission_overwrites': [], 'parent_id': None, 'nsfw': False, 'name': 'Sidebar_Memes', 'id': '391064060248064000', 'bitrate': 64000}, {'user_limit': 0, 'type': 2, 'position': 1, 'permission_overwrites': [], 'parent_id': None, 'nsfw': False, 'name': 'Alternate_Spoken_Memes', 'id': '409633606625918986', 'bitrate': 64000}], 'application_id': None, 'afk_timeout': 300, 'afk_channel_id': None}}
2018-02-19 10:30:40,243:DEBUG:discord.client: Dispatching event socket_response
2018-02-19 10:30:40,244:DEBUG:discord.client: Dispatching event server_available
2018-02-19 10:30:42,242:DEBUG:discord.client: Dispatching event ready
2018-02-19 10:31:21,199:DEBUG:discord.gateway: Keeping websocket alive with sequence 3
2018-02-19 10:31:21,234:DEBUG:discord.client: Dispatching event socket_raw_receive
2018-02-19 10:31:21,234:DEBUG:discord.gateway: WebSocket Event: {'t': None, 's': None, 'op': 11, 'd': None}
2018-02-19 10:31:21,234:DEBUG:discord.client: Dispatching event socket_response
2018-02-19 10:32:02,452:DEBUG:discord.gateway: Keeping websocket alive with sequence 3
2018-02-19 10:32:02,484:DEBUG:discord.client: Dispatching event socket_raw_receive
2018-02-19 10:32:02,484:DEBUG:discord.gateway: WebSocket Event: {'t': None, 's': None, 'op': 11, 'd': None}
2018-02-19 10:32:02,484:DEBUG:discord.client: Dispatching event socket_response
2018-02-19 10:32:43,714:DEBUG:discord.gateway: Keeping websocket alive with sequence 3
2018-02-19 10:32:43,757:DEBUG:discord.client: Dispatching event socket_raw_receive
2018-02-19 10:32:43,758:DEBUG:discord.gateway: WebSocket Event: {'t': None, 's': None, 'op': 11, 'd': None}
2018-02-19 10:32:43,758:DEBUG:discord.client: Dispatching event socket_response
2018-02-19 10:33:24,967:DEBUG:discord.gateway: Keeping websocket alive with sequence 3
2018-02-19 10:33:25,075:DEBUG:discord.client: Dispatching event socket_raw_receive
2018-02-19 10:33:25,075:DEBUG:discord.gateway: WebSocket Event: {'t': None, 's': None, 'op': 11, 'd': None}
2018-02-19 10:33:25,075:DEBUG:discord.client: Dispatching event socket_response
2018-02-19 10:34:06,225:DEBUG:discord.gateway: Keeping websocket alive with sequence 3
2018-02-19 10:34:06,258:DEBUG:discord.client: Dispatching event socket_raw_receive
2018-02-19 10:34:06,258:DEBUG:discord.gateway: WebSocket Event: {'t': None, 's': None, 'op': 11, 'd': None}
2018-02-19 10:34:06,258:DEBUG:discord.client: Dispatching event socket_response
2018-02-19 10:34:46,357:DEBUG:discord.client: Dispatching event socket_raw_receive
2018-02-19 10:34:46,357:DEBUG:discord.gateway: WebSocket Event: {'t': 'TYPING_START', 's': 4, 'op': 0, 'd': {'user_id': '222564903658061824', 'timestamp': 1519054486, 'channel_id': '333642808097505302'}}
2018-02-19 10:34:46,357:DEBUG:discord.client: Dispatching event socket_response
2018-02-19 10:34:46,357:DEBUG:discord.client: Dispatching event typing
2018-02-19 10:34:47,486:DEBUG:discord.gateway: Keeping websocket alive with sequence 4
2018-02-19 10:34:47,524:DEBUG:discord.client: Dispatching event socket_raw_receive
2018-02-19 10:34:47,524:DEBUG:discord.gateway: WebSocket Event: {'t': None, 's': None, 'op': 11, 'd': None}
2018-02-19 10:34:47,524:DEBUG:discord.client: Dispatching event socket_response
2018-02-19 10:34:47,971:DEBUG:discord.client: Dispatching event socket_raw_receive
2018-02-19 10:34:47,971:DEBUG:discord.gateway: WebSocket Event: {'t': 'MESSAGE_CREATE', 's': 5, 'op': 0, 'd': {'type': 0, 'tts': False, 'timestamp': '2018-02-19T15:34:47.891000+00:00', 'pinned': False, 'nonce': '415169361691541504', 'mentions': [], 'mention_roles': [], 'mention_everyone': False, 'id': '415169355777572864', 'embeds': [], 'edited_timestamp': None, 'content': '[[jinx]]', 'channel_id': '333642808097505302', 'author': {'username': 'redwallguy', 'id': '222564903658061824', 'discriminator': '2653', 'avatar': '0ec2d4f167043f3cab0f256fc82f6e8b'}, 'attachments': []}}
2018-02-19 10:34:47,971:DEBUG:discord.client: Dispatching event socket_response
2018-02-19 10:34:47,972:DEBUG:discord.client: Dispatching event message
2018-02-19 10:34:48,070:DEBUG:discord.client: Dispatching event socket_raw_receive
2018-02-19 10:34:48,070:DEBUG:discord.gateway: WebSocket Event: {'t': 'MESSAGE_CREATE', 's': 6, 'op': 0, 'd': {'type': 0, 'tts': False, 'timestamp': '2018-02-19T15:34:48.021000+00:00', 'pinned': False, 'nonce': None, 'mentions': [], 'mention_roles': [], 'mention_everyone': False, 'id': '415169356322832395', 'embeds': [], 'edited_timestamp': None, 'content': 'Jinx:  \n\n"Volatile explosives are a girl\'s best friend!" - Jinx\n\nA manic and impulsive criminal from Zaun , Jinx lives to wreak havoc without care for the consequences. With an arsenal of deadly weapons, she unleashes the loudest blasts and brightest explosions to leave a trail of mayhem and panic in her wake. Jinx despises boredom, and gleefully brings her own chaotic brand of pandemonium wherever she goes.  \n\nPassive: Get Excited!  \nQ: Switcheroo!  \nW: Zap!  \nE: Flame Chompers!  \nR: Super Mega Death Rocket!  \n\nSkins:\nClassic Jinx  \nMafia Jinx  \nFirecracker Jinx  \nStar Guardian Jinx  \nSlayer Jinx  \n------------------------------------\n\nI\'m a bot-in-training! If you have questions or bugs, PM me at https://www.reddit.com/message/compose/?to=TaricsKnowledgeBot  \n  \n_"There is great power in the stars. Great danger as well."_', 'channel_id': '333642808097505302', 'author': {'username': "Taric's Knowledge Bot", 'id': '373195616706101269', 'discriminator': '7769', 'bot': True, 'avatar': '7cb6d33c3904559d210c93086824a565'}, 'attachments': []}}
2018-02-19 10:34:48,070:DEBUG:discord.client: Dispatching event socket_response
2018-02-19 10:34:48,070:DEBUG:discord.client: Dispatching event message
2018-02-19 10:34:48,071:DEBUG:discord.http: POST https://discordapp.com/api/v6/channels/333642808097505302/messages with {"content":"Jinx:  \n\n\"Volatile explosives are a girl's best friend!\" - Jinx\n\nA manic and impulsive criminal from Zaun , Jinx lives to wreak havoc without care for the consequences. With an arsenal of deadly weapons, she unleashes the loudest blasts and brightest explosions to leave a trail of mayhem and panic in her wake. Jinx despises boredom, and gleefully brings her own chaotic brand of pandemonium wherever she goes.  \n\nPassive: Get Excited!  \nQ: Switcheroo!  \nW: Zap!  \nE: Flame Chompers!  \nR: Super Mega Death Rocket!  \n\nSkins:\nClassic Jinx  \nMafia Jinx  \nFirecracker Jinx  \nStar Guardian Jinx  \nSlayer Jinx  \n------------------------------------\n\nI'm a bot-in-training! If you have questions or bugs, PM me at https://www.reddit.com/message/compose/?to=TaricsKnowledgeBot  \n  \n_\"There is great power in the stars. Great danger as well.\"_"} has returned 200
2018-02-19 10:34:48,072:DEBUG:discord.http: POST https://discordapp.com/api/v6/channels/333642808097505302/messages has received {'nonce': None, 'attachments': [], 'tts': False, 'embeds': [], 'timestamp': '2018-02-19T15:34:48.021000+00:00', 'mention_everyone': False, 'id': '415169356322832395', 'pinned': False, 'edited_timestamp': None, 'author': {'username': "Taric's Knowledge Bot", 'discriminator': '7769', 'bot': True, 'id': '373195616706101269', 'avatar': '7cb6d33c3904559d210c93086824a565'}, 'mention_roles': [], 'content': 'Jinx:  \n\n"Volatile explosives are a girl\'s best friend!" - Jinx\n\nA manic and impulsive criminal from Zaun , Jinx lives to wreak havoc without care for the consequences. With an arsenal of deadly weapons, she unleashes the loudest blasts and brightest explosions to leave a trail of mayhem and panic in her wake. Jinx despises boredom, and gleefully brings her own chaotic brand of pandemonium wherever she goes.  \n\nPassive: Get Excited!  \nQ: Switcheroo!  \nW: Zap!  \nE: Flame Chompers!  \nR: Super Mega Death Rocket!  \n\nSkins:\nClassic Jinx  \nMafia Jinx  \nFirecracker Jinx  \nStar Guardian Jinx  \nSlayer Jinx  \n------------------------------------\n\nI\'m a bot-in-training! If you have questions or bugs, PM me at https://www.reddit.com/message/compose/?to=TaricsKnowledgeBot  \n  \n_"There is great power in the stars. Great danger as well."_', 'channel_id': '333642808097505302', 'mentions': [], 'type': 0}
2018-02-19 10:35:28,745:DEBUG:discord.gateway: Keeping websocket alive with sequence 6
2018-02-19 10:35:28,784:DEBUG:discord.client: Dispatching event socket_raw_receive
2018-02-19 10:35:28,785:DEBUG:discord.gateway: WebSocket Event: {'t': None, 's': None, 'op': 11, 'd': None}
2018-02-19 10:35:28,785:DEBUG:discord.client: Dispatching event socket_response
2018-02-19 10:36:09,999:DEBUG:discord.gateway: Keeping websocket alive with sequence 6
2018-02-19 10:36:10,032:DEBUG:discord.client: Dispatching event socket_raw_receive
2018-02-19 10:36:10,032:DEBUG:discord.gateway: WebSocket Event: {'t': None, 's': None, 'op': 11, 'd': None}
2018-02-19 10:36:10,032:DEBUG:discord.client: Dispatching event socket_response
2018-02-19 10:36:51,257:DEBUG:discord.gateway: Keeping websocket alive with sequence 6
2018-02-19 10:36:51,285:DEBUG:discord.client: Dispatching event socket_raw_receive
2018-02-19 10:36:51,286:DEBUG:discord.gateway: WebSocket Event: {'t': None, 's': None, 'op': 11, 'd': None}
2018-02-19 10:36:51,286:DEBUG:discord.client: Dispatching event socket_response
2018-02-19 10:37:32,510:DEBUG:discord.gateway: Keeping websocket alive with sequence 6
2018-02-19 10:37:32,536:DEBUG:discord.client: Dispatching event socket_raw_receive
2018-02-19 10:37:32,536:DEBUG:discord.gateway: WebSocket Event: {'t': None, 's': None, 'op': 11, 'd': None}
2018-02-19 10:37:32,536:DEBUG:discord.client: Dispatching event socket_response
2018-02-19 10:38:13,771:DEBUG:discord.gateway: Keeping websocket alive with sequence 6
2018-02-19 10:38:13,824:DEBUG:discord.client: Dispatching event socket_raw_receive
2018-02-19 10:38:13,824:DEBUG:discord.gateway: WebSocket Event: {'t': None, 's': None, 'op': 11, 'd': None}
2018-02-19 10:38:13,824:DEBUG:discord.client: Dispatching event socket_response
2018-02-19 10:38:55,033:DEBUG:discord.gateway: Keeping websocket alive with sequence 6
2018-02-19 10:38:55,060:DEBUG:discord.client: Dispatching event socket_raw_receive
2018-02-19 10:38:55,061:DEBUG:discord.gateway: WebSocket Event: {'t': None, 's': None, 'op': 11, 'd': None}
2018-02-19 10:38:55,061:DEBUG:discord.client: Dispatching event socket_response
2018-02-19 10:39:36,288:DEBUG:discord.gateway: Keeping websocket alive with sequence 6
2018-02-19 10:39:36,331:DEBUG:discord.client: Dispatching event socket_raw_receive
2018-02-19 10:39:36,331:DEBUG:discord.gateway: WebSocket Event: {'t': None, 's': None, 'op': 11, 'd': None}
2018-02-19 10:39:36,332:DEBUG:discord.client: Dispatching event socket_response
2018-02-19 10:40:17,541:DEBUG:discord.gateway: Keeping websocket alive with sequence 6
2018-02-19 10:40:17,574:DEBUG:discord.client: Dispatching event socket_raw_receive
2018-02-19 10:40:17,575:DEBUG:discord.gateway: WebSocket Event: {'t': None, 's': None, 'op': 11, 'd': None}
2018-02-19 10:40:17,575:DEBUG:discord.client: Dispatching event socket_response
2018-02-19 10:40:58,802:DEBUG:discord.gateway: Keeping websocket alive with sequence 6
2018-02-19 10:40:58,850:DEBUG:discord.client: Dispatching event socket_raw_receive
2018-02-19 10:40:58,850:DEBUG:discord.gateway: WebSocket Event: {'t': None, 's': None, 'op': 11, 'd': None}
2018-02-19 10:40:58,850:DEBUG:discord.client: Dispatching event socket_response
2018-02-19 10:41:40,062:DEBUG:discord.gateway: Keeping websocket alive with sequence 6
2018-02-19 10:41:40,233:DEBUG:discord.client: Dispatching event socket_raw_receive
2018-02-19 10:41:40,233:DEBUG:discord.gateway: WebSocket Event: {'t': None, 's': None, 'op': 11, 'd': None}
2018-02-19 10:41:40,233:DEBUG:discord.client: Dispatching event socket_response
2018-02-19 10:42:21,314:DEBUG:discord.gateway: Keeping websocket alive with sequence 6
2018-02-19 10:42:21,346:DEBUG:discord.client: Dispatching event socket_raw_receive
2018-02-19 10:42:21,346:DEBUG:discord.gateway: WebSocket Event: {'t': None, 's': None, 'op': 11, 'd': None}
2018-02-19 10:42:21,346:DEBUG:discord.client: Dispatching event socket_response
2018-02-19 10:43:02,574:DEBUG:discord.gateway: Keeping websocket alive with sequence 6
2018-02-19 10:43:02,660:DEBUG:discord.client: Dispatching event socket_raw_receive
2018-02-19 10:43:02,661:DEBUG:discord.gateway: WebSocket Event: {'t': None, 's': None, 'op': 11, 'd': None}
2018-02-19 10:43:02,661:DEBUG:discord.client: Dispatching event socket_response
2018-02-19 10:43:43,829:DEBUG:discord.gateway: Keeping websocket alive with sequence 6
2018-02-19 10:43:44,141:DEBUG:discord.client: Dispatching event socket_raw_receive
2018-02-19 10:43:44,142:DEBUG:discord.gateway: WebSocket Event: {'t': None, 's': None, 'op': 11, 'd': None}
2018-02-19 10:43:44,142:DEBUG:discord.client: Dispatching event socket_response
2018-02-19 10:44:25,090:DEBUG:discord.gateway: Keeping websocket alive with sequence 6
2018-02-19 10:44:25,118:DEBUG:discord.client: Dispatching event socket_raw_receive
2018-02-19 10:44:25,118:DEBUG:discord.gateway: WebSocket Event: {'t': None, 's': None, 'op': 11, 'd': None}
2018-02-19 10:44:25,118:DEBUG:discord.client: Dispatching event socket_response
2018-02-19 10:45:06,351:DEBUG:discord.gateway: Keeping websocket alive with sequence 6
2018-02-19 10:45:06,378:DEBUG:discord.client: Dispatching event socket_raw_receive
2018-02-19 10:45:06,378:DEBUG:discord.gateway: WebSocket Event: {'t': None, 's': None, 'op': 11, 'd': None}
2018-02-19 10:45:06,378:DEBUG:discord.client: Dispatching event socket_response
2018-02-19 10:45:47,607:DEBUG:discord.gateway: Keeping websocket alive with sequence 6
2018-02-19 10:45:47,636:DEBUG:discord.client: Dispatching event socket_raw_receive
2018-02-19 10:45:47,636:DEBUG:discord.gateway: WebSocket Event: {'t': None, 's': None, 'op': 11, 'd': None}
2018-02-19 10:45:47,636:DEBUG:discord.client: Dispatching event socket_response
2018-02-19 10:46:28,867:DEBUG:discord.gateway: Keeping websocket alive with sequence 6
2018-02-19 10:46:28,891:DEBUG:discord.client: Dispatching event socket_raw_receive
2018-02-19 10:46:28,891:DEBUG:discord.gateway: WebSocket Event: {'t': None, 's': None, 'op': 11, 'd': None}
2018-02-19 10:46:28,892:DEBUG:discord.client: Dispatching event socket_response
2018-02-19 10:47:10,123:DEBUG:discord.gateway: Keeping websocket alive with sequence 6
2018-02-19 10:47:10,153:DEBUG:discord.client: Dispatching event socket_raw_receive
2018-02-19 10:47:10,153:DEBUG:discord.gateway: WebSocket Event: {'t': None, 's': None, 'op': 11, 'd': None}
2018-02-19 10:47:10,153:DEBUG:discord.client: Dispatching event socket_response
2018-02-19 10:47:51,384:DEBUG:discord.gateway: Keeping websocket alive with sequence 6
2018-02-19 10:47:51,410:DEBUG:discord.client: Dispatching event socket_raw_receive
2018-02-19 10:47:51,411:DEBUG:discord.gateway: WebSocket Event: {'t': None, 's': None, 'op': 11, 'd': None}
2018-02-19 10:47:51,411:DEBUG:discord.client: Dispatching event socket_response
2018-02-19 10:48:32,645:DEBUG:discord.gateway: Keeping websocket alive with sequence 6
2018-02-19 10:48:32,675:DEBUG:discord.client: Dispatching event socket_raw_receive
2018-02-19 10:48:32,675:DEBUG:discord.gateway: WebSocket Event: {'t': None, 's': None, 'op': 11, 'd': None}
2018-02-19 10:48:32,675:DEBUG:discord.client: Dispatching event socket_response
2018-02-19 10:49:13,902:DEBUG:discord.gateway: Keeping websocket alive with sequence 6
2018-02-19 10:49:13,935:DEBUG:discord.client: Dispatching event socket_raw_receive
2018-02-19 10:49:13,935:DEBUG:discord.gateway: WebSocket Event: {'t': None, 's': None, 'op': 11, 'd': None}
2018-02-19 10:49:13,935:DEBUG:discord.client: Dispatching event socket_response
2018-02-19 10:49:16,639:DEBUG:discord.client: Dispatching event socket_raw_receive
2018-02-19 10:49:16,639:DEBUG:discord.gateway: WebSocket Event: {'t': 'PRESENCE_UPDATE', 's': 7, 'op': 0, 'd': {'user': {'id': '173785313154433024'}, 'status': 'idle', 'roles': [], 'nick': None, 'guild_id': '321438630788988928', 'game': {'type': 0, 'timestamps': {'start': 1519046278737}, 'name': 'Yu-Gi-Oh! Duel Links'}}}
2018-02-19 10:49:16,639:DEBUG:discord.client: Dispatching event socket_response
2018-02-19 10:49:16,639:DEBUG:discord.client: Dispatching event member_update
2018-02-19 10:49:55,153:DEBUG:discord.gateway: Keeping websocket alive with sequence 7
2018-02-19 10:49:55,204:DEBUG:discord.client: Dispatching event socket_raw_receive
2018-02-19 10:49:55,204:DEBUG:discord.gateway: WebSocket Event: {'t': None, 's': None, 'op': 11, 'd': None}
2018-02-19 10:49:55,204:DEBUG:discord.client: Dispatching event socket_response
2018-02-19 10:50:36,413:DEBUG:discord.gateway: Keeping websocket alive with sequence 7
2018-02-19 10:50:36,456:DEBUG:discord.client: Dispatching event socket_raw_receive
2018-02-19 10:50:36,457:DEBUG:discord.gateway: WebSocket Event: {'t': None, 's': None, 'op': 11, 'd': None}
2018-02-19 10:50:36,457:DEBUG:discord.client: Dispatching event socket_response
2018-02-19 10:51:17,665:DEBUG:discord.gateway: Keeping websocket alive with sequence 7
2018-02-19 10:51:17,694:DEBUG:discord.client: Dispatching event socket_raw_receive
2018-02-19 10:51:17,694:DEBUG:discord.gateway: WebSocket Event: {'t': None, 's': None, 'op': 11, 'd': None}
2018-02-19 10:51:17,694:DEBUG:discord.client: Dispatching event socket_response
2018-02-19 10:51:58,922:DEBUG:discord.gateway: Keeping websocket alive with sequence 7
2018-02-19 10:51:58,958:DEBUG:discord.client: Dispatching event socket_raw_receive
2018-02-19 10:51:58,958:DEBUG:discord.gateway: WebSocket Event: {'t': None, 's': None, 'op': 11, 'd': None}
2018-02-19 10:51:58,958:DEBUG:discord.client: Dispatching event socket_response
2018-02-19 10:52:40,183:DEBUG:discord.gateway: Keeping websocket alive with sequence 7
2018-02-19 10:52:40,219:DEBUG:discord.client: Dispatching event socket_raw_receive
2018-02-19 10:52:40,220:DEBUG:discord.gateway: WebSocket Event: {'t': None, 's': None, 'op': 11, 'd': None}
2018-02-19 10:52:40,220:DEBUG:discord.client: Dispatching event socket_response
2018-02-19 10:53:21,444:DEBUG:discord.gateway: Keeping websocket alive with sequence 7
2018-02-19 10:53:21,475:DEBUG:discord.client: Dispatching event socket_raw_receive
2018-02-19 10:53:21,475:DEBUG:discord.gateway: WebSocket Event: {'t': None, 's': None, 'op': 11, 'd': None}
2018-02-19 10:53:21,475:DEBUG:discord.client: Dispatching event socket_response
2018-02-19 10:53:47,326:DEBUG:discord.client: Dispatching event socket_raw_receive
2018-02-19 10:53:47,326:DEBUG:discord.gateway: WebSocket Event: {'t': 'PRESENCE_UPDATE', 's': 8, 'op': 0, 'd': {'user': {'id': '222564903658061824'}, 'status': 'idle', 'roles': [], 'nick': None, 'guild_id': '333642808097505302', 'game': None}}
2018-02-19 10:53:47,326:DEBUG:discord.client: Dispatching event socket_response
2018-02-19 10:53:47,327:DEBUG:discord.client: Dispatching event member_update
2018-02-19 10:53:47,330:DEBUG:discord.client: Dispatching event socket_raw_receive
2018-02-19 10:53:47,331:DEBUG:discord.gateway: WebSocket Event: {'t': 'PRESENCE_UPDATE', 's': 9, 'op': 0, 'd': {'user': {'id': '222564903658061824'}, 'status': 'idle', 'roles': ['334899886950711296'], 'nick': None, 'guild_id': '321438630788988928', 'game': None}}
2018-02-19 10:53:47,331:DEBUG:discord.client: Dispatching event socket_response
2018-02-19 10:53:47,331:DEBUG:discord.client: Dispatching event member_update
2018-02-19 10:54:02,701:DEBUG:discord.gateway: Keeping websocket alive with sequence 9
2018-02-19 10:54:02,845:DEBUG:discord.client: Dispatching event socket_raw_receive
2018-02-19 10:54:02,845:DEBUG:discord.gateway: WebSocket Event: {'t': None, 's': None, 'op': 11, 'd': None}
2018-02-19 10:54:02,845:DEBUG:discord.client: Dispatching event socket_response
2018-02-19 10:54:43,960:DEBUG:discord.gateway: Keeping websocket alive with sequence 9
2018-02-19 10:54:43,985:DEBUG:discord.client: Dispatching event socket_raw_receive
2018-02-19 10:54:43,986:DEBUG:discord.gateway: WebSocket Event: {'t': None, 's': None, 'op': 11, 'd': None}
2018-02-19 10:54:43,986:DEBUG:discord.client: Dispatching event socket_response
2018-02-19 10:55:25,219:DEBUG:discord.gateway: Keeping websocket alive with sequence 9
2018-02-19 10:55:25,244:DEBUG:discord.client: Dispatching event socket_raw_receive
2018-02-19 10:55:25,244:DEBUG:discord.gateway: WebSocket Event: {'t': None, 's': None, 'op': 11, 'd': None}
2018-02-19 10:55:25,245:DEBUG:discord.client: Dispatching event socket_response
2018-02-19 10:56:06,473:DEBUG:discord.gateway: Keeping websocket alive with sequence 9
2018-02-19 10:56:06,506:DEBUG:discord.client: Dispatching event socket_raw_receive
2018-02-19 10:56:06,506:DEBUG:discord.gateway: WebSocket Event: {'t': None, 's': None, 'op': 11, 'd': None}
2018-02-19 10:56:06,506:DEBUG:discord.client: Dispatching event socket_response
2018-02-19 10:56:12,096:DEBUG:discord.client: Dispatching event socket_raw_receive
2018-02-19 10:56:12,096:DEBUG:discord.gateway: WebSocket Event: {'t': 'PRESENCE_UPDATE', 's': 10, 'op': 0, 'd': {'user': {'id': '222564903658061824'}, 'status': 'online', 'roles': ['334899886950711296'], 'nick': None, 'guild_id': '321438630788988928', 'game': None}}
2018-02-19 10:56:12,097:DEBUG:discord.client: Dispatching event socket_response
2018-02-19 10:56:12,097:DEBUG:discord.client: Dispatching event member_update
2018-02-19 10:56:12,097:DEBUG:discord.client: Dispatching event socket_raw_receive
2018-02-19 10:56:12,097:DEBUG:discord.gateway: WebSocket Event: {'t': 'PRESENCE_UPDATE', 's': 11, 'op': 0, 'd': {'user': {'id': '222564903658061824'}, 'status': 'online', 'roles': [], 'nick': None, 'guild_id': '333642808097505302', 'game': None}}
2018-02-19 10:56:12,097:DEBUG:discord.client: Dispatching event socket_response
2018-02-19 10:56:12,097:DEBUG:discord.client: Dispatching event member_update
2018-02-19 10:56:47,733:DEBUG:discord.gateway: Keeping websocket alive with sequence 11
2018-02-19 10:56:47,772:DEBUG:discord.client: Dispatching event socket_raw_receive
2018-02-19 10:56:47,772:DEBUG:discord.gateway: WebSocket Event: {'t': None, 's': None, 'op': 11, 'd': None}
2018-02-19 10:56:47,772:DEBUG:discord.client: Dispatching event socket_response
2018-02-19 10:57:28,992:DEBUG:discord.gateway: Keeping websocket alive with sequence 11
2018-02-19 10:57:29,087:DEBUG:discord.client: Dispatching event socket_raw_receive
2018-02-19 10:57:29,087:DEBUG:discord.gateway: WebSocket Event: {'t': None, 's': None, 'op': 11, 'd': None}
2018-02-19 10:57:29,087:DEBUG:discord.client: Dispatching event socket_response
2018-02-19 10:58:10,253:DEBUG:discord.gateway: Keeping websocket alive with sequence 11
2018-02-19 10:58:10,291:DEBUG:discord.client: Dispatching event socket_raw_receive
2018-02-19 10:58:10,291:DEBUG:discord.gateway: WebSocket Event: {'t': None, 's': None, 'op': 11, 'd': None}
2018-02-19 10:58:10,291:DEBUG:discord.client: Dispatching event socket_response
2018-02-19 10:58:51,511:DEBUG:discord.gateway: Keeping websocket alive with sequence 11
2018-02-19 10:58:51,539:DEBUG:discord.client: Dispatching event socket_raw_receive
2018-02-19 10:58:51,539:DEBUG:discord.gateway: WebSocket Event: {'t': None, 's': None, 'op': 11, 'd': None}
2018-02-19 10:58:51,539:DEBUG:discord.client: Dispatching event socket_response
2018-02-19 10:59:32,766:DEBUG:discord.gateway: Keeping websocket alive with sequence 11
2018-02-19 10:59:32,810:DEBUG:discord.client: Dispatching event socket_raw_receive
2018-02-19 10:59:32,811:DEBUG:discord.gateway: WebSocket Event: {'t': None, 's': None, 'op': 11, 'd': None}
2018-02-19 10:59:32,811:DEBUG:discord.client: Dispatching event socket_response
2018-02-19 11:00:14,024:DEBUG:discord.gateway: Keeping websocket alive with sequence 11
2018-02-19 11:00:14,064:DEBUG:discord.client: Dispatching event socket_raw_receive
2018-02-19 11:00:14,064:DEBUG:discord.gateway: WebSocket Event: {'t': None, 's': None, 'op': 11, 'd': None}
2018-02-19 11:00:14,064:DEBUG:discord.client: Dispatching event socket_response
2018-02-19 11:00:55,285:DEBUG:discord.gateway: Keeping websocket alive with sequence 11
2018-02-19 11:00:55,363:DEBUG:discord.client: Dispatching event socket_raw_receive
2018-02-19 11:00:55,363:DEBUG:discord.gateway: WebSocket Event: {'t': None, 's': None, 'op': 11, 'd': None}
2018-02-19 11:00:55,363:DEBUG:discord.client: Dispatching event socket_response
2018-02-19 11:01:36,546:DEBUG:discord.gateway: Keeping websocket alive with sequence 11
2018-02-19 11:01:36,576:DEBUG:discord.client: Dispatching event socket_raw_receive
2018-02-19 11:01:36,576:DEBUG:discord.gateway: WebSocket Event: {'t': None, 's': None, 'op': 11, 'd': None}
2018-02-19 11:01:36,576:DEBUG:discord.client: Dispatching event socket_response
2018-02-19 11:02:17,807:DEBUG:discord.gateway: Keeping websocket alive with sequence 11
2018-02-19 11:02:17,833:DEBUG:discord.client: Dispatching event socket_raw_receive
2018-02-19 11:02:17,833:DEBUG:discord.gateway: WebSocket Event: {'t': None, 's': None, 'op': 11, 'd': None}
2018-02-19 11:02:17,833:DEBUG:discord.client: Dispatching event socket_response
2018-02-19 11:02:59,062:DEBUG:discord.gateway: Keeping websocket alive with sequence 11
2018-02-19 11:02:59,087:DEBUG:discord.client: Dispatching event socket_raw_receive
2018-02-19 11:02:59,087:DEBUG:discord.gateway: WebSocket Event: {'t': None, 's': None, 'op': 11, 'd': None}
2018-02-19 11:02:59,087:DEBUG:discord.client: Dispatching event socket_response
2018-02-19 11:03:40,321:DEBUG:discord.gateway: Keeping websocket alive with sequence 11
2018-02-19 11:03:40,355:DEBUG:discord.client: Dispatching event socket_raw_receive
2018-02-19 11:03:40,355:DEBUG:discord.gateway: WebSocket Event: {'t': None, 's': None, 'op': 11, 'd': None}
2018-02-19 11:03:40,355:DEBUG:discord.client: Dispatching event socket_response
2018-02-19 11:04:21,581:DEBUG:discord.gateway: Keeping websocket alive with sequence 11
2018-02-19 11:04:21,606:DEBUG:discord.client: Dispatching event socket_raw_receive
2018-02-19 11:04:21,606:DEBUG:discord.gateway: WebSocket Event: {'t': None, 's': None, 'op': 11, 'd': None}
2018-02-19 11:04:21,606:DEBUG:discord.client: Dispatching event socket_response
2018-02-19 11:05:02,842:DEBUG:discord.gateway: Keeping websocket alive with sequence 11
2018-02-19 11:05:02,865:DEBUG:discord.client: Dispatching event socket_raw_receive
2018-02-19 11:05:02,865:DEBUG:discord.gateway: WebSocket Event: {'t': None, 's': None, 'op': 11, 'd': None}
2018-02-19 11:05:02,865:DEBUG:discord.client: Dispatching event socket_response
2018-02-19 11:05:44,101:DEBUG:discord.gateway: Keeping websocket alive with sequence 11
2018-02-19 11:05:44,137:DEBUG:discord.client: Dispatching event socket_raw_receive
2018-02-19 11:05:44,137:DEBUG:discord.gateway: WebSocket Event: {'t': None, 's': None, 'op': 11, 'd': None}
2018-02-19 11:05:44,137:DEBUG:discord.client: Dispatching event socket_response
2018-02-19 11:06:07,798:DEBUG:discord.client: Dispatching event socket_raw_receive
2018-02-19 11:06:07,798:DEBUG:discord.gateway: WebSocket Event: {'t': 'PRESENCE_UPDATE', 's': 12, 'op': 0, 'd': {'user': {'id': '222564903658061824'}, 'status': 'idle', 'roles': [], 'nick': None, 'guild_id': '333642808097505302', 'game': None}}
2018-02-19 11:06:07,798:DEBUG:discord.client: Dispatching event socket_response
2018-02-19 11:06:07,798:DEBUG:discord.client: Dispatching event member_update
2018-02-19 11:06:07,798:DEBUG:discord.client: Dispatching event socket_raw_receive
2018-02-19 11:06:07,799:DEBUG:discord.gateway: WebSocket Event: {'t': 'PRESENCE_UPDATE', 's': 13, 'op': 0, 'd': {'user': {'id': '222564903658061824'}, 'status': 'idle', 'roles': ['334899886950711296'], 'nick': None, 'guild_id': '321438630788988928', 'game': None}}
2018-02-19 11:06:07,799:DEBUG:discord.client: Dispatching event socket_response
2018-02-19 11:06:07,799:DEBUG:discord.client: Dispatching event member_update
2018-02-19 11:06:25,360:DEBUG:discord.gateway: Keeping websocket alive with sequence 13
2018-02-19 11:06:25,389:DEBUG:discord.client: Dispatching event socket_raw_receive
2018-02-19 11:06:25,389:DEBUG:discord.gateway: WebSocket Event: {'t': None, 's': None, 'op': 11, 'd': None}
2018-02-19 11:06:25,389:DEBUG:discord.client: Dispatching event socket_response
2018-02-19 11:07:06,618:DEBUG:discord.gateway: Keeping websocket alive with sequence 13
2018-02-19 11:07:06,648:DEBUG:discord.client: Dispatching event socket_raw_receive
2018-02-19 11:07:06,648:DEBUG:discord.gateway: WebSocket Event: {'t': None, 's': None, 'op': 11, 'd': None}
2018-02-19 11:07:06,648:DEBUG:discord.client: Dispatching event socket_response
2018-02-19 11:07:47,870:DEBUG:discord.gateway: Keeping websocket alive with sequence 13
2018-02-19 11:07:47,896:DEBUG:discord.client: Dispatching event socket_raw_receive
2018-02-19 11:07:47,896:DEBUG:discord.gateway: WebSocket Event: {'t': None, 's': None, 'op': 11, 'd': None}
2018-02-19 11:07:47,897:DEBUG:discord.client: Dispatching event socket_response
2018-02-19 11:08:29,129:DEBUG:discord.gateway: Keeping websocket alive with sequence 13
2018-02-19 11:08:29,153:DEBUG:discord.client: Dispatching event socket_raw_receive
2018-02-19 11:08:29,154:DEBUG:discord.gateway: WebSocket Event: {'t': None, 's': None, 'op': 11, 'd': None}
2018-02-19 11:08:29,155:DEBUG:discord.client: Dispatching event socket_response
2018-02-19 11:09:10,387:DEBUG:discord.gateway: Keeping websocket alive with sequence 13
2018-02-19 11:09:10,414:DEBUG:discord.client: Dispatching event socket_raw_receive
2018-02-19 11:09:10,414:DEBUG:discord.gateway: WebSocket Event: {'t': None, 's': None, 'op': 11, 'd': None}
2018-02-19 11:09:10,414:DEBUG:discord.client: Dispatching event socket_response
2018-02-19 11:09:11,170:DEBUG:discord.client: Dispatching event socket_raw_receive
2018-02-19 11:09:11,170:DEBUG:discord.gateway: WebSocket Event: {'t': 'PRESENCE_UPDATE', 's': 14, 'op': 0, 'd': {'user': {'id': '163461655634771968'}, 'status': 'online', 'roles': [], 'nick': None, 'guild_id': '321438630788988928', 'game': None}}
2018-02-19 11:09:11,170:DEBUG:discord.client: Dispatching event socket_response
2018-02-19 11:09:11,171:DEBUG:discord.client: Dispatching event member_update
2018-02-19 11:09:51,649:DEBUG:discord.gateway: Keeping websocket alive with sequence 14
2018-02-19 11:09:51,675:DEBUG:discord.client: Dispatching event socket_raw_receive
2018-02-19 11:09:51,675:DEBUG:discord.gateway: WebSocket Event: {'t': None, 's': None, 'op': 11, 'd': None}
2018-02-19 11:09:51,675:DEBUG:discord.client: Dispatching event socket_response
2018-02-19 11:10:32,905:DEBUG:discord.gateway: Keeping websocket alive with sequence 14
2018-02-19 11:10:32,942:DEBUG:discord.client: Dispatching event socket_raw_receive
2018-02-19 11:10:32,943:DEBUG:discord.gateway: WebSocket Event: {'t': None, 's': None, 'op': 11, 'd': None}
2018-02-19 11:10:32,943:DEBUG:discord.client: Dispatching event socket_response
2018-02-19 11:11:14,167:DEBUG:discord.gateway: Keeping websocket alive with sequence 14
2018-02-19 11:11:14,195:DEBUG:discord.client: Dispatching event socket_raw_receive
2018-02-19 11:11:14,195:DEBUG:discord.gateway: WebSocket Event: {'t': None, 's': None, 'op': 11, 'd': None}
2018-02-19 11:11:14,195:DEBUG:discord.client: Dispatching event socket_response
2018-02-19 11:11:55,423:DEBUG:discord.gateway: Keeping websocket alive with sequence 14
2018-02-19 11:11:55,458:DEBUG:discord.client: Dispatching event socket_raw_receive
2018-02-19 11:11:55,458:DEBUG:discord.gateway: WebSocket Event: {'t': None, 's': None, 'op': 11, 'd': None}
2018-02-19 11:11:55,458:DEBUG:discord.client: Dispatching event socket_response
2018-02-19 11:12:36,682:DEBUG:discord.gateway: Keeping websocket alive with sequence 14
2018-02-19 11:12:36,734:DEBUG:discord.client: Dispatching event socket_raw_receive
2018-02-19 11:12:36,735:DEBUG:discord.gateway: WebSocket Event: {'t': None, 's': None, 'op': 11, 'd': None}
2018-02-19 11:12:36,735:DEBUG:discord.client: Dispatching event socket_response
2018-02-19 11:12:37,783:DEBUG:discord.client: Dispatching event socket_raw_receive
2018-02-19 11:12:37,783:DEBUG:discord.gateway: WebSocket Event: {'t': 'PRESENCE_UPDATE', 's': 15, 'op': 0, 'd': {'user': {'id': '222564903658061824'}, 'status': 'online', 'roles': ['334899886950711296'], 'nick': None, 'guild_id': '321438630788988928', 'game': None}}
2018-02-19 11:12:37,783:DEBUG:discord.client: Dispatching event socket_response
2018-02-19 11:12:37,783:DEBUG:discord.client: Dispatching event member_update
2018-02-19 11:12:37,784:DEBUG:discord.client: Dispatching event socket_raw_receive
2018-02-19 11:12:37,784:DEBUG:discord.gateway: WebSocket Event: {'t': 'PRESENCE_UPDATE', 's': 16, 'op': 0, 'd': {'user': {'id': '222564903658061824'}, 'status': 'online', 'roles': [], 'nick': None, 'guild_id': '333642808097505302', 'game': None}}
2018-02-19 11:12:37,784:DEBUG:discord.client: Dispatching event socket_response
2018-02-19 11:12:37,784:DEBUG:discord.client: Dispatching event member_update
2018-02-19 11:13:17,938:DEBUG:discord.gateway: Keeping websocket alive with sequence 16
2018-02-19 11:13:18,016:DEBUG:discord.client: Dispatching event socket_raw_receive
2018-02-19 11:13:18,016:DEBUG:discord.gateway: WebSocket Event: {'t': None, 's': None, 'op': 11, 'd': None}
2018-02-19 11:13:18,017:DEBUG:discord.client: Dispatching event socket_response
2018-02-19 11:13:59,195:DEBUG:discord.gateway: Keeping websocket alive with sequence 16
2018-02-19 11:13:59,223:DEBUG:discord.client: Dispatching event socket_raw_receive
2018-02-19 11:13:59,223:DEBUG:discord.gateway: WebSocket Event: {'t': None, 's': None, 'op': 11, 'd': None}
2018-02-19 11:13:59,224:DEBUG:discord.client: Dispatching event socket_response
2018-02-19 11:14:07,818:DEBUG:discord.client: Dispatching event socket_raw_receive
2018-02-19 11:14:07,819:DEBUG:discord.gateway: WebSocket Event: {'t': 'PRESENCE_UPDATE', 's': 17, 'op': 0, 'd': {'user': {'id': '163461655634771968'}, 'status': 'idle', 'roles': [], 'nick': None, 'guild_id': '321438630788988928', 'game': None}}
2018-02-19 11:14:07,819:DEBUG:discord.client: Dispatching event socket_response
2018-02-19 11:14:07,819:DEBUG:discord.client: Dispatching event member_update
2018-02-19 11:14:40,454:DEBUG:discord.gateway: Keeping websocket alive with sequence 17
2018-02-19 11:14:40,490:DEBUG:discord.client: Dispatching event socket_raw_receive
2018-02-19 11:14:40,490:DEBUG:discord.gateway: WebSocket Event: {'t': None, 's': None, 'op': 11, 'd': None}
2018-02-19 11:14:40,490:DEBUG:discord.client: Dispatching event socket_response
2018-02-19 11:15:21,714:DEBUG:discord.gateway: Keeping websocket alive with sequence 17
2018-02-19 11:15:21,745:DEBUG:discord.client: Dispatching event socket_raw_receive
2018-02-19 11:15:21,745:DEBUG:discord.gateway: WebSocket Event: {'t': None, 's': None, 'op': 11, 'd': None}
2018-02-19 11:15:21,745:DEBUG:discord.client: Dispatching event socket_response
2018-02-19 11:16:02,967:DEBUG:discord.gateway: Keeping websocket alive with sequence 17
2018-02-19 11:16:02,999:DEBUG:discord.client: Dispatching event socket_raw_receive
2018-02-19 11:16:02,999:DEBUG:discord.gateway: WebSocket Event: {'t': None, 's': None, 'op': 11, 'd': None}
2018-02-19 11:16:02,999:DEBUG:discord.client: Dispatching event socket_response
2018-02-19 11:16:44,222:DEBUG:discord.gateway: Keeping websocket alive with sequence 17
2018-02-19 11:16:44,249:DEBUG:discord.client: Dispatching event socket_raw_receive
2018-02-19 11:16:44,249:DEBUG:discord.gateway: WebSocket Event: {'t': None, 's': None, 'op': 11, 'd': None}
2018-02-19 11:16:44,249:DEBUG:discord.client: Dispatching event socket_response
2018-02-19 11:17:25,473:DEBUG:discord.gateway: Keeping websocket alive with sequence 17
2018-02-19 11:17:25,525:DEBUG:discord.client: Dispatching event socket_raw_receive
2018-02-19 11:17:25,526:DEBUG:discord.gateway: WebSocket Event: {'t': None, 's': None, 'op': 11, 'd': None}
2018-02-19 11:17:25,526:DEBUG:discord.client: Dispatching event socket_response
2018-02-19 11:18:06,735:DEBUG:discord.gateway: Keeping websocket alive with sequence 17
2018-02-19 11:18:06,798:DEBUG:discord.client: Dispatching event socket_raw_receive
2018-02-19 11:18:06,798:DEBUG:discord.gateway: WebSocket Event: {'t': None, 's': None, 'op': 11, 'd': None}
2018-02-19 11:18:06,798:DEBUG:discord.client: Dispatching event socket_response
2018-02-19 11:18:47,996:DEBUG:discord.gateway: Keeping websocket alive with sequence 17
2018-02-19 11:18:48,032:DEBUG:discord.client: Dispatching event socket_raw_receive
2018-02-19 11:18:48,032:DEBUG:discord.gateway: WebSocket Event: {'t': None, 's': None, 'op': 11, 'd': None}
2018-02-19 11:18:48,032:DEBUG:discord.client: Dispatching event socket_response
2018-02-19 11:19:27,353:DEBUG:discord.client: Dispatching event socket_raw_receive
2018-02-19 11:19:27,353:DEBUG:discord.gateway: WebSocket Event: {'t': 'PRESENCE_UPDATE', 's': 18, 'op': 0, 'd': {'user': {'username': 'TheGudZucc', 'id': '361710641104289792', 'discriminator': '3897', 'avatar': None}, 'status': 'idle', 'roles': [], 'nick': None, 'guild_id': '321438630788988928', 'game': None}}
2018-02-19 11:19:27,353:DEBUG:discord.client: Dispatching event socket_response
2018-02-19 11:19:27,353:DEBUG:discord.client: Dispatching event member_update
2018-02-19 11:19:29,256:DEBUG:discord.gateway: Keeping websocket alive with sequence 18
2018-02-19 11:19:29,308:DEBUG:discord.client: Dispatching event socket_raw_receive
2018-02-19 11:19:29,309:DEBUG:discord.gateway: WebSocket Event: {'t': None, 's': None, 'op': 11, 'd': None}
2018-02-19 11:19:29,309:DEBUG:discord.client: Dispatching event socket_response
2018-02-19 11:19:48,485:DEBUG:discord.client: Dispatching event socket_raw_receive
2018-02-19 11:19:48,485:DEBUG:discord.gateway: WebSocket Event: {'t': 'PRESENCE_UPDATE', 's': 19, 'op': 0, 'd': {'user': {'id': '361710641104289792'}, 'status': 'online', 'roles': [], 'nick': None, 'guild_id': '321438630788988928', 'game': None}}
2018-02-19 11:19:48,486:DEBUG:discord.client: Dispatching event socket_response
2018-02-19 11:19:48,486:DEBUG:discord.client: Dispatching event member_update
2018-02-19 11:20:10,517:DEBUG:discord.gateway: Keeping websocket alive with sequence 19
2018-02-19 11:20:10,547:DEBUG:discord.client: Dispatching event socket_raw_receive
2018-02-19 11:20:10,547:DEBUG:discord.gateway: WebSocket Event: {'t': None, 's': None, 'op': 11, 'd': None}
2018-02-19 11:20:10,548:DEBUG:discord.client: Dispatching event socket_response
2018-02-19 11:20:51,778:DEBUG:discord.gateway: Keeping websocket alive with sequence 19
2018-02-19 11:20:51,846:DEBUG:discord.client: Dispatching event socket_raw_receive
2018-02-19 11:20:51,847:DEBUG:discord.gateway: WebSocket Event: {'t': None, 's': None, 'op': 11, 'd': None}
2018-02-19 11:20:51,847:DEBUG:discord.client: Dispatching event socket_response
2018-02-19 11:21:33,037:DEBUG:discord.gateway: Keeping websocket alive with sequence 19
2018-02-19 11:21:33,063:DEBUG:discord.client: Dispatching event socket_raw_receive
2018-02-19 11:21:33,063:DEBUG:discord.gateway: WebSocket Event: {'t': None, 's': None, 'op': 11, 'd': None}
2018-02-19 11:21:33,063:DEBUG:discord.client: Dispatching event socket_response
2018-02-19 11:22:14,290:DEBUG:discord.gateway: Keeping websocket alive with sequence 19
2018-02-19 11:22:14,325:DEBUG:discord.client: Dispatching event socket_raw_receive
2018-02-19 11:22:14,325:DEBUG:discord.gateway: WebSocket Event: {'t': None, 's': None, 'op': 11, 'd': None}
2018-02-19 11:22:14,325:DEBUG:discord.client: Dispatching event socket_response
2018-02-19 11:22:55,550:DEBUG:discord.gateway: Keeping websocket alive with sequence 19
2018-02-19 11:22:55,587:DEBUG:discord.client: Dispatching event socket_raw_receive
2018-02-19 11:22:55,587:DEBUG:discord.gateway: WebSocket Event: {'t': None, 's': None, 'op': 11, 'd': None}
2018-02-19 11:22:55,588:DEBUG:discord.client: Dispatching event socket_response
2018-02-19 11:23:36,808:DEBUG:discord.gateway: Keeping websocket alive with sequence 19
2018-02-19 11:23:36,879:DEBUG:discord.client: Dispatching event socket_raw_receive
2018-02-19 11:23:36,880:DEBUG:discord.gateway: WebSocket Event: {'t': None, 's': None, 'op': 11, 'd': None}
2018-02-19 11:23:36,880:DEBUG:discord.client: Dispatching event socket_response
2018-02-19 11:24:18,064:DEBUG:discord.gateway: Keeping websocket alive with sequence 19
2018-02-19 11:24:18,124:DEBUG:discord.client: Dispatching event socket_raw_receive
2018-02-19 11:24:18,125:DEBUG:discord.gateway: WebSocket Event: {'t': None, 's': None, 'op': 11, 'd': None}
2018-02-19 11:24:18,125:DEBUG:discord.client: Dispatching event socket_response
2018-02-19 11:24:59,326:DEBUG:discord.gateway: Keeping websocket alive with sequence 19
2018-02-19 11:24:59,395:DEBUG:discord.client: Dispatching event socket_raw_receive
2018-02-19 11:24:59,396:DEBUG:discord.gateway: WebSocket Event: {'t': None, 's': None, 'op': 11, 'd': None}
2018-02-19 11:24:59,396:DEBUG:discord.client: Dispatching event socket_response
2018-02-19 11:25:40,587:DEBUG:discord.gateway: Keeping websocket alive with sequence 19
2018-02-19 11:25:40,623:DEBUG:discord.client: Dispatching event socket_raw_receive
2018-02-19 11:25:40,624:DEBUG:discord.gateway: WebSocket Event: {'t': None, 's': None, 'op': 11, 'd': None}
2018-02-19 11:25:40,624:DEBUG:discord.client: Dispatching event socket_response
2018-02-19 11:26:21,848:DEBUG:discord.gateway: Keeping websocket alive with sequence 19
2018-02-19 11:26:21,895:DEBUG:discord.client: Dispatching event socket_raw_receive
2018-02-19 11:26:21,896:DEBUG:discord.gateway: WebSocket Event: {'t': None, 's': None, 'op': 11, 'd': None}
2018-02-19 11:26:21,896:DEBUG:discord.client: Dispatching event socket_response
2018-02-19 11:27:03,106:DEBUG:discord.gateway: Keeping websocket alive with sequence 19
2018-02-19 11:27:03,145:DEBUG:discord.client: Dispatching event socket_raw_receive
2018-02-19 11:27:03,146:DEBUG:discord.gateway: WebSocket Event: {'t': None, 's': None, 'op': 11, 'd': None}
2018-02-19 11:27:03,146:DEBUG:discord.client: Dispatching event socket_response
2018-02-19 11:27:44,362:DEBUG:discord.gateway: Keeping websocket alive with sequence 19
2018-02-19 11:27:44,393:DEBUG:discord.client: Dispatching event socket_raw_receive
2018-02-19 11:27:44,393:DEBUG:discord.gateway: WebSocket Event: {'t': None, 's': None, 'op': 11, 'd': None}
2018-02-19 11:27:44,393:DEBUG:discord.client: Dispatching event socket_response
2018-02-19 11:28:25,621:DEBUG:discord.gateway: Keeping websocket alive with sequence 19
2018-02-19 11:28:25,833:DEBUG:discord.client: Dispatching event socket_raw_receive
2018-02-19 11:28:25,833:DEBUG:discord.gateway: WebSocket Event: {'t': None, 's': None, 'op': 11, 'd': None}
2018-02-19 11:28:25,833:DEBUG:discord.client: Dispatching event socket_response
2018-02-19 11:29:06,875:DEBUG:discord.gateway: Keeping websocket alive with sequence 19
2018-02-19 11:29:06,913:DEBUG:discord.client: Dispatching event socket_raw_receive
2018-02-19 11:29:06,913:DEBUG:discord.gateway: WebSocket Event: {'t': None, 's': None, 'op': 11, 'd': None}
2018-02-19 11:29:06,913:DEBUG:discord.client: Dispatching event socket_response
2018-02-19 11:29:48,131:DEBUG:discord.gateway: Keeping websocket alive with sequence 19
2018-02-19 11:29:48,154:DEBUG:discord.client: Dispatching event socket_raw_receive
2018-02-19 11:29:48,154:DEBUG:discord.gateway: WebSocket Event: {'t': None, 's': None, 'op': 11, 'd': None}
2018-02-19 11:29:48,154:DEBUG:discord.client: Dispatching event socket_response
2018-02-19 11:30:29,386:DEBUG:discord.gateway: Keeping websocket alive with sequence 19
2018-02-19 11:30:29,474:DEBUG:discord.client: Dispatching event socket_raw_receive
2018-02-19 11:30:29,474:DEBUG:discord.gateway: WebSocket Event: {'t': None, 's': None, 'op': 11, 'd': None}
2018-02-19 11:30:29,474:DEBUG:discord.client: Dispatching event socket_response
2018-02-19 11:31:10,642:DEBUG:discord.gateway: Keeping websocket alive with sequence 19
2018-02-19 11:31:10,669:DEBUG:discord.client: Dispatching event socket_raw_receive
2018-02-19 11:31:10,669:DEBUG:discord.gateway: WebSocket Event: {'t': None, 's': None, 'op': 11, 'd': None}
2018-02-19 11:31:10,670:DEBUG:discord.client: Dispatching event socket_response
2018-02-19 11:31:51,903:DEBUG:discord.gateway: Keeping websocket alive with sequence 19
2018-02-19 11:31:51,930:DEBUG:discord.client: Dispatching event socket_raw_receive
2018-02-19 11:31:51,930:DEBUG:discord.gateway: WebSocket Event: {'t': None, 's': None, 'op': 11, 'd': None}
2018-02-19 11:31:51,930:DEBUG:discord.client: Dispatching event socket_response
2018-02-19 11:32:33,161:DEBUG:discord.gateway: Keeping websocket alive with sequence 19
2018-02-19 11:32:33,195:DEBUG:discord.client: Dispatching event socket_raw_receive
2018-02-19 11:32:33,195:DEBUG:discord.gateway: WebSocket Event: {'t': None, 's': None, 'op': 11, 'd': None}
2018-02-19 11:32:33,195:DEBUG:discord.client: Dispatching event socket_response
2018-02-19 11:33:14,418:DEBUG:discord.gateway: Keeping websocket alive with sequence 19
2018-02-19 11:33:14,458:DEBUG:discord.client: Dispatching event socket_raw_receive
2018-02-19 11:33:14,458:DEBUG:discord.gateway: WebSocket Event: {'t': None, 's': None, 'op': 11, 'd': None}
2018-02-19 11:33:14,458:DEBUG:discord.client: Dispatching event socket_response
2018-02-19 11:33:55,677:DEBUG:discord.gateway: Keeping websocket alive with sequence 19
2018-02-19 11:33:55,702:DEBUG:discord.client: Dispatching event socket_raw_receive
2018-02-19 11:33:55,703:DEBUG:discord.gateway: WebSocket Event: {'t': None, 's': None, 'op': 11, 'd': None}
2018-02-19 11:33:55,703:DEBUG:discord.client: Dispatching event socket_response
2018-02-19 11:34:36,936:DEBUG:discord.gateway: Keeping websocket alive with sequence 19
2018-02-19 11:34:36,975:DEBUG:discord.client: Dispatching event socket_raw_receive
2018-02-19 11:34:36,975:DEBUG:discord.gateway: WebSocket Event: {'t': None, 's': None, 'op': 11, 'd': None}
2018-02-19 11:34:36,975:DEBUG:discord.client: Dispatching event socket_response
2018-02-19 11:35:18,192:DEBUG:discord.gateway: Keeping websocket alive with sequence 19
2018-02-19 11:35:18,223:DEBUG:discord.client: Dispatching event socket_raw_receive
2018-02-19 11:35:18,223:DEBUG:discord.gateway: WebSocket Event: {'t': None, 's': None, 'op': 11, 'd': None}
2018-02-19 11:35:18,223:DEBUG:discord.client: Dispatching event socket_response
2018-02-19 11:35:59,449:DEBUG:discord.gateway: Keeping websocket alive with sequence 19
2018-02-19 11:35:59,477:DEBUG:discord.client: Dispatching event socket_raw_receive
2018-02-19 11:35:59,477:DEBUG:discord.gateway: WebSocket Event: {'t': None, 's': None, 'op': 11, 'd': None}
2018-02-19 11:35:59,477:DEBUG:discord.client: Dispatching event socket_response
2018-02-19 11:36:40,702:DEBUG:discord.gateway: Keeping websocket alive with sequence 19
2018-02-19 11:36:40,727:DEBUG:discord.client: Dispatching event socket_raw_receive
2018-02-19 11:36:40,727:DEBUG:discord.gateway: WebSocket Event: {'t': None, 's': None, 'op': 11, 'd': None}
2018-02-19 11:36:40,727:DEBUG:discord.client: Dispatching event socket_response
2018-02-19 11:37:21,955:DEBUG:discord.gateway: Keeping websocket alive with sequence 19
2018-02-19 11:37:21,993:DEBUG:discord.client: Dispatching event socket_raw_receive
2018-02-19 11:37:21,993:DEBUG:discord.gateway: WebSocket Event: {'t': None, 's': None, 'op': 11, 'd': None}
2018-02-19 11:37:21,994:DEBUG:discord.client: Dispatching event socket_response
2018-02-19 11:38:03,214:DEBUG:discord.gateway: Keeping websocket alive with sequence 19
2018-02-19 11:38:03,237:DEBUG:discord.client: Dispatching event socket_raw_receive
2018-02-19 11:38:03,237:DEBUG:discord.gateway: WebSocket Event: {'t': None, 's': None, 'op': 11, 'd': None}
2018-02-19 11:38:03,237:DEBUG:discord.client: Dispatching event socket_response
2018-02-19 11:38:44,471:DEBUG:discord.gateway: Keeping websocket alive with sequence 19
2018-02-19 11:38:44,500:DEBUG:discord.client: Dispatching event socket_raw_receive
2018-02-19 11:38:44,500:DEBUG:discord.gateway: WebSocket Event: {'t': None, 's': None, 'op': 11, 'd': None}
2018-02-19 11:38:44,500:DEBUG:discord.client: Dispatching event socket_response
2018-02-19 11:39:25,732:DEBUG:discord.gateway: Keeping websocket alive with sequence 19
2018-02-19 11:39:25,760:DEBUG:discord.client: Dispatching event socket_raw_receive
2018-02-19 11:39:25,760:DEBUG:discord.gateway: WebSocket Event: {'t': None, 's': None, 'op': 11, 'd': None}
2018-02-19 11:39:25,760:DEBUG:discord.client: Dispatching event socket_response
2018-02-19 11:40:06,993:DEBUG:discord.gateway: Keeping websocket alive with sequence 19
2018-02-19 11:40:07,023:DEBUG:discord.client: Dispatching event socket_raw_receive
2018-02-19 11:40:07,023:DEBUG:discord.gateway: WebSocket Event: {'t': None, 's': None, 'op': 11, 'd': None}
2018-02-19 11:40:07,023:DEBUG:discord.client: Dispatching event socket_response
2018-02-19 11:40:48,253:DEBUG:discord.gateway: Keeping websocket alive with sequence 19
2018-02-19 11:40:48,359:DEBUG:discord.client: Dispatching event socket_raw_receive
2018-02-19 11:40:48,359:DEBUG:discord.gateway: WebSocket Event: {'t': None, 's': None, 'op': 11, 'd': None}
2018-02-19 11:40:48,359:DEBUG:discord.client: Dispatching event socket_response
2018-02-19 11:41:29,514:DEBUG:discord.gateway: Keeping websocket alive with sequence 19
2018-02-19 11:41:29,541:DEBUG:discord.client: Dispatching event socket_raw_receive
2018-02-19 11:41:29,541:DEBUG:discord.gateway: WebSocket Event: {'t': None, 's': None, 'op': 11, 'd': None}
2018-02-19 11:41:29,541:DEBUG:discord.client: Dispatching event socket_response
